#
# There is insufficient memory for the Java Runtime Environment to continue.
# Native memory allocation (malloc) failed to allocate 32744 bytes for ChunkPool::allocate
# Possible reasons:
#   The system is out of physical RAM or swap space
#   The process is running with CompressedOops enabled, and the Java Heap may be blocking the growth of the native heap
# Possible solutions:
#   Reduce memory load on the system
#   Increase physical memory or swap space
#   Check if swap backing store is full
#   Decrease Java heap size (-Xmx/-Xms)
#   Decrease number of Java threads
#   Decrease Java thread stack sizes (-Xss)
#   Set larger code cache with -XX:ReservedCodeCacheSize=
#   JVM is running with Zero Based Compressed Oops mode in which the Java heap is
#     placed in the first 32GB address space. The Java Heap base address is the
#     maximum limit for the native heap growth. Please use -XX:HeapBaseMinAddress
#     to set the Java Heap base and to place the Java Heap above 32GB virtual address.
# This output file may be truncated or incomplete.
#
#  Out of Memory Error (allocation.cpp:273), pid=12904, tid=0x00000000000026b0
#
# JRE version: Java(TM) SE Runtime Environment (8.0_201-b09) (build 1.8.0_201-b09)
# Java VM: Java HotSpot(TM) 64-Bit Server VM (25.201-b09 mixed mode windows-amd64 compressed oops)
# Failed to write core dump. Minidumps are not enabled by default on client versions of Windows
#

---------------  T H R E A D  ---------------

Current thread (0x000000001ad83800):  JavaThread "C1 CompilerThread3" daemon [_thread_in_native, id=9904, stack(0x000000001b950000,0x000000001ba50000)]

Stack: [0x000000001b950000,0x000000001ba50000]
[error occurred during error reporting (printing stack bounds), id 0xc0000005]

Native frames: (J=compiled Java code, j=interpreted, Vv=VM code, C=native code)


Current CompileTask:
C1:   5234  989       3       org.fusesource.jansi.Ansi::appendEscapeSequence (44 bytes)


---------------  P R O C E S S  ---------------

Java Threads: ( => current thread )
  0x000000001c65c000 JavaThread "Forward input" [_thread_blocked, id=8116, stack(0x000000001dc60000,0x000000001dd60000)]
  0x000000001c6ef000 JavaThread "DisconnectableInputStream source reader" daemon [_thread_in_native, id=3380, stack(0x000000001db60000,0x000000001dc60000)]
  0x000000001c545000 JavaThread "pool-1-thread-1" [_thread_blocked, id=10636, stack(0x000000001d420000,0x000000001d520000)]
  0x000000001adc0000 JavaThread "Service Thread" daemon [_thread_blocked, id=14872, stack(0x000000001ba50000,0x000000001bb50000)]
=>0x000000001ad83800 JavaThread "C1 CompilerThread3" daemon [_thread_in_native, id=9904, stack(0x000000001b950000,0x000000001ba50000)]
  0x000000001ad7c800 JavaThread "C2 CompilerThread2" daemon [_thread_blocked, id=13380, stack(0x000000001b850000,0x000000001b950000)]
  0x000000001ad77800 JavaThread "C2 CompilerThread1" daemon [_thread_blocked, id=10472, stack(0x000000001b750000,0x000000001b850000)]
  0x000000001ad71800 JavaThread "C2 CompilerThread0" daemon [_thread_blocked, id=11720, stack(0x000000001b650000,0x000000001b750000)]
  0x000000001ad6f000 JavaThread "Attach Listener" daemon [_thread_blocked, id=8736, stack(0x000000001b550000,0x000000001b650000)]
  0x000000001ad6e000 JavaThread "Signal Dispatcher" daemon [_thread_blocked, id=14460, stack(0x000000001b450000,0x000000001b550000)]
  0x000000001ad60800 JavaThread "Finalizer" daemon [_thread_blocked, id=7664, stack(0x000000001b240000,0x000000001b340000)]
  0x0000000002bf6000 JavaThread "Reference Handler" daemon [_thread_blocked, id=8036, stack(0x000000001b140000,0x000000001b240000)]
  0x0000000002cae800 JavaThread "main" [_thread_in_native, id=15252, stack(0x0000000002960000,0x0000000002a60000)]

Other Threads:
  0x0000000018f5a000 VMThread [stack: 0x000000001ac40000,0x000000001ad40000] [id=10748]
  0x000000001adc1800 WatcherThread [stack: 0x000000001bb50000,0x000000001bc50000] [id=11748]

VM state:not at safepoint (normal execution)

VM Mutex/Monitor currently owned by a thread: None

heap address: 0x0000000720c00000, size: 2548 MB, Compressed Oops mode: Zero based, Oop shift amount: 3
Narrow klass base: 0x0000000000000000, Narrow klass shift: 3
Compressed class space size: 1073741824 Address: 0x00000007c0000000

Heap:
 PSYoungGen      total 47616K, used 38563K [0x000000078af00000, 0x000000078e400000, 0x00000007c0000000)
  eden space 40960K, 94% used [0x000000078af00000,0x000000078d4a8e60,0x000000078d700000)
  from space 6656K, 0% used [0x000000078dd80000,0x000000078dd80000,0x000000078e400000)
  to   space 6656K, 0% used [0x000000078d700000,0x000000078d700000,0x000000078dd80000)
 ParOldGen       total 109568K, used 0K [0x0000000720c00000, 0x0000000727700000, 0x000000078af00000)
  object space 109568K, 0% used [0x0000000720c00000,0x0000000720c00000,0x0000000727700000)
 Metaspace       used 11027K, capacity 11308K, committed 11648K, reserved 1058816K
  class space    used 1482K, capacity 1600K, committed 1664K, reserved 1048576K

Card table byte_map: [0x0000000012070000,0x0000000012570000] byte_map_base: 0x000000000e76a000

Marking Bits: (ParMarkBitMap*) 0x0000000074564ce0
 Begin Bits: [0x00000000130d0000, 0x00000000158a0000)
 End Bits:   [0x00000000158a0000, 0x0000000018070000)

Polling page: 0x0000000000ca0000

CodeCache: size=245760Kb used=3372Kb max_used=3372Kb free=242387Kb
 bounds [0x0000000002cb0000, 0x0000000003000000, 0x0000000011cb0000]
 total_blobs=1345 nmethods=987 adapters=272
 compilation: enabled

Compilation events (10 events):
Event: 4.905 Thread 0x000000001ad83800 nmethod 984 0x0000000002ffb2d0 code [0x0000000002ffb420, 0x0000000002ffb510]
Event: 5.005 Thread 0x000000001ad83800  985       3       org.gradle.internal.logging.console.DefaultRedrawableLabel::setText (6 bytes)
Event: 5.005 Thread 0x000000001ad83800 nmethod 985 0x0000000002ffb590 code [0x0000000002ffb6e0, 0x0000000002ffb850]
Event: 5.104 Thread 0x000000001ad83800  986       3       java.nio.CharBuffer::arrayOffset (35 bytes)
Event: 5.105 Thread 0x000000001ad83800 nmethod 986 0x0000000002ffb8d0 code [0x0000000002ffba60, 0x0000000002ffbd78]
Event: 5.105 Thread 0x000000001ad83800  987       3       org.gradle.internal.logging.console.DefaultRedrawableLabel::isOverlappingWith (34 bytes)
Event: 5.105 Thread 0x000000001ad83800 nmethod 987 0x0000000002ffbed0 code [0x0000000002ffc040, 0x0000000002ffc250]
Event: 5.105 Thread 0x000000001ad83800  988       3       org.gradle.internal.logging.console.DefaultRedrawableLabel::newLineAdjustment (14 bytes)
Event: 5.105 Thread 0x000000001ad83800 nmethod 988 0x0000000002ffc310 code [0x0000000002ffc460, 0x0000000002ffc5d0]
Event: 5.205 Thread 0x000000001ad83800  989       3       org.fusesource.jansi.Ansi::appendEscapeSequence (44 bytes)

GC Heap History (0 events):
No events

Deoptimization events (5 events):
Event: 0.262 Thread 0x0000000002cae800 Uncommon trap: reason=unstable_if action=reinterpret pc=0x0000000002e32674 method=java.lang.String.startsWith(Ljava/lang/String;I)Z @ 25
Event: 0.583 Thread 0x0000000002cae800 Uncommon trap: reason=unstable_if action=reinterpret pc=0x0000000002efa194 method=java.util.HashMap.hash(Ljava/lang/Object;)I @ 1
Event: 0.583 Thread 0x0000000002cae800 Uncommon trap: reason=unstable_if action=reinterpret pc=0x0000000002e6afa8 method=java.util.HashMap.hash(Ljava/lang/Object;)I @ 1
Event: 0.631 Thread 0x0000000002cae800 Uncommon trap: reason=unstable_if action=reinterpret pc=0x0000000002eedb94 method=java.util.HashMap.getNode(ILjava/lang/Object;)Ljava/util/HashMap$Node; @ 129
Event: 0.631 Thread 0x0000000002cae800 Uncommon trap: reason=bimorphic action=maybe_recompile pc=0x0000000002f465a0 method=java.util.HashMap.putVal(ILjava/lang/Object;Ljava/lang/Object;ZZ)Ljava/lang/Object; @ 203

Classes redefined (0 events):
No events

Internal exceptions (10 events):
Event: 0.594 Thread 0x0000000002cae800 Exception <a 'java/lang/ArrayIndexOutOfBoundsException'> (0x000000078c97a108) thrown at [C:\re\workspace\8-2-build-windows-amd64-cygwin\jdk8u201\12322\hotspot\src\share\vm\runtime\sharedRuntime.cpp, line 605]
Event: 0.594 Thread 0x0000000002cae800 Exception <a 'java/lang/ArrayIndexOutOfBoundsException'> (0x000000078c97be28) thrown at [C:\re\workspace\8-2-build-windows-amd64-cygwin\jdk8u201\12322\hotspot\src\share\vm\runtime\sharedRuntime.cpp, line 605]
Event: 0.595 Thread 0x0000000002cae800 Exception <a 'java/lang/ArrayIndexOutOfBoundsException'> (0x000000078c9909f0) thrown at [C:\re\workspace\8-2-build-windows-amd64-cygwin\jdk8u201\12322\hotspot\src\share\vm\runtime\sharedRuntime.cpp, line 605]
Event: 0.595 Thread 0x0000000002cae800 Exception <a 'java/lang/ArrayIndexOutOfBoundsException'> (0x000000078c994c20) thrown at [C:\re\workspace\8-2-build-windows-amd64-cygwin\jdk8u201\12322\hotspot\src\share\vm\runtime\sharedRuntime.cpp, line 605]
Event: 0.600 Thread 0x0000000002cae800 Exception <a 'java/lang/ArrayIndexOutOfBoundsException'> (0x000000078ca05738) thrown at [C:\re\workspace\8-2-build-windows-amd64-cygwin\jdk8u201\12322\hotspot\src\share\vm\runtime\sharedRuntime.cpp, line 605]
Event: 0.600 Thread 0x0000000002cae800 Exception <a 'java/lang/ArrayIndexOutOfBoundsException'> (0x000000078ca06810) thrown at [C:\re\workspace\8-2-build-windows-amd64-cygwin\jdk8u201\12322\hotspot\src\share\vm\runtime\sharedRuntime.cpp, line 605]
Event: 0.600 Thread 0x0000000002cae800 Exception <a 'java/lang/ArrayIndexOutOfBoundsException'> (0x000000078ca07b70) thrown at [C:\re\workspace\8-2-build-windows-amd64-cygwin\jdk8u201\12322\hotspot\src\share\vm\runtime\sharedRuntime.cpp, line 605]
Event: 0.600 Thread 0x0000000002cae800 Exception <a 'java/lang/ArrayIndexOutOfBoundsException'> (0x000000078ca0a570) thrown at [C:\re\workspace\8-2-build-windows-amd64-cygwin\jdk8u201\12322\hotspot\src\share\vm\runtime\sharedRuntime.cpp, line 605]
Event: 0.600 Thread 0x0000000002cae800 Exception <a 'java/lang/ArrayIndexOutOfBoundsException'> (0x000000078ca0e1e0) thrown at [C:\re\workspace\8-2-build-windows-amd64-cygwin\jdk8u201\12322\hotspot\src\share\vm\runtime\sharedRuntime.cpp, line 605]
Event: 0.608 Thread 0x0000000002cae800 Exception <a 'java/lang/NoClassDefFoundError': org/slf4j/impl/StaticMarkerBinder> (0x000000078cac88b0) thrown at [C:\re\workspace\8-2-build-windows-amd64-cygwin\jdk8u201\12322\hotspot\src\share\vm\classfile\systemDictionary.cpp, line 199]

Events (10 events):
Event: 1.904 loading class org/gradle/internal/logging/text/AbstractLineChoppingStyledTextOutput$StateContext
Event: 1.904 loading class org/gradle/internal/logging/text/AbstractLineChoppingStyledTextOutput$StateContext done
Event: 1.906 loading class org/gradle/internal/logging/console/DefaultTextArea$2
Event: 1.906 loading class org/gradle/internal/logging/console/DefaultTextArea$2 done
Event: 1.906 loading class org/gradle/internal/logging/console/DefaultTextArea$2$1
Event: 1.906 loading class org/gradle/internal/logging/console/DefaultTextArea$2$1 done
Event: 2.712 Thread 0x0000000002cae800 DEOPT PACKING pc=0x0000000002f86e2e sp=0x0000000002a5d190
Event: 2.712 Thread 0x0000000002cae800 DEOPT UNPACKING pc=0x0000000002cf7490 sp=0x0000000002a5ceb0 mode 0
Event: 4.149 Executing VM operation: EnableBiasedLocking
Event: 4.149 Executing VM operation: EnableBiasedLocking done


Dynamic libraries:
0x00007ff7c09b0000 - 0x00007ff7c09e7000 	C:\Program Files\Java\jdk1.8.0_201\bin\java.exe
0x00007ffca9780000 - 0x00007ffca996d000 	C:\WINDOWS\SYSTEM32\ntdll.dll
0x00007ffca95e0000 - 0x00007ffca9693000 	C:\WINDOWS\System32\KERNEL32.DLL
0x00007ffca6390000 - 0x00007ffca6623000 	C:\WINDOWS\System32\KERNELBASE.dll
0x00007ffca96a0000 - 0x00007ffca9743000 	C:\WINDOWS\System32\ADVAPI32.dll
0x00007ffca6c80000 - 0x00007ffca6d1e000 	C:\WINDOWS\System32\msvcrt.dll
0x00007ffca6be0000 - 0x00007ffca6c7e000 	C:\WINDOWS\System32\sechost.dll
0x00007ffca89a0000 - 0x00007ffca8ac2000 	C:\WINDOWS\System32\RPCRT4.dll
0x00007ffca8800000 - 0x00007ffca8997000 	C:\WINDOWS\System32\USER32.dll
0x00007ffca6710000 - 0x00007ffca6730000 	C:\WINDOWS\System32\win32u.dll
0x00007ffca8ad0000 - 0x00007ffca8af9000 	C:\WINDOWS\System32\GDI32.dll
0x00007ffca6080000 - 0x00007ffca621a000 	C:\WINDOWS\System32\gdi32full.dll
0x00007ffca6730000 - 0x00007ffca67d0000 	C:\WINDOWS\System32\msvcp_win.dll
0x00007ffca6270000 - 0x00007ffca636a000 	C:\WINDOWS\System32\ucrtbase.dll
0x00007ffc94ef0000 - 0x00007ffc95169000 	C:\WINDOWS\WinSxS\amd64_microsoft.windows.common-controls_6595b64144ccf1df_6.0.17763.379_none_05b83be8071c94a1\COMCTL32.dll
0x00007ffca8b70000 - 0x00007ffca8e9d000 	C:\WINDOWS\System32\combase.dll
0x00007ffca6000000 - 0x00007ffca607e000 	C:\WINDOWS\System32\bcryptPrimitives.dll
0x00007ffca6bb0000 - 0x00007ffca6bde000 	C:\WINDOWS\System32\IMM32.DLL
0x0000000076f60000 - 0x0000000077031000 	C:\Program Files\Java\jdk1.8.0_201\jre\bin\msvcr100.dll
0x0000000073d40000 - 0x00000000745e4000 	C:\Program Files\Java\jdk1.8.0_201\jre\bin\server\jvm.dll
0x00007ffca9320000 - 0x00007ffca9328000 	C:\WINDOWS\System32\PSAPI.DLL
0x00007ffca1f30000 - 0x00007ffca1f39000 	C:\WINDOWS\SYSTEM32\WSOCK32.dll
0x00007ffca3840000 - 0x00007ffca3864000 	C:\WINDOWS\SYSTEM32\WINMM.dll
0x00007ffc9fdf0000 - 0x00007ffc9fdfa000 	C:\WINDOWS\SYSTEM32\VERSION.dll
0x00007ffca6ae0000 - 0x00007ffca6b4d000 	C:\WINDOWS\System32\WS2_32.dll
0x00007ffca3810000 - 0x00007ffca383d000 	C:\WINDOWS\SYSTEM32\WINMMBASE.dll
0x00007ffca6220000 - 0x00007ffca626a000 	C:\WINDOWS\System32\cfgmgr32.dll
0x00007ffc9b760000 - 0x00007ffc9b76f000 	C:\Program Files\Java\jdk1.8.0_201\jre\bin\verify.dll
0x00007ffc98890000 - 0x00007ffc988b9000 	C:\Program Files\Java\jdk1.8.0_201\jre\bin\java.dll
0x00007ffc987b0000 - 0x00007ffc987c6000 	C:\Program Files\Java\jdk1.8.0_201\jre\bin\zip.dll
0x00007ffca7310000 - 0x00007ffca8800000 	C:\WINDOWS\System32\SHELL32.dll
0x00007ffca69b0000 - 0x00007ffca6a58000 	C:\WINDOWS\System32\shcore.dll
0x00007ffca5850000 - 0x00007ffca5f9a000 	C:\WINDOWS\System32\windows.storage.dll
0x00007ffca5820000 - 0x00007ffca5844000 	C:\WINDOWS\System32\profapi.dll
0x00007ffca5780000 - 0x00007ffca57dd000 	C:\WINDOWS\System32\powrprof.dll
0x00007ffca6b50000 - 0x00007ffca6ba2000 	C:\WINDOWS\System32\shlwapi.dll
0x00007ffca57e0000 - 0x00007ffca57f1000 	C:\WINDOWS\System32\kernel.appcore.dll
0x00007ffca6370000 - 0x00007ffca6387000 	C:\WINDOWS\System32\cryptsp.dll
0x00007ffc98790000 - 0x00007ffc987aa000 	C:\Program Files\Java\jdk1.8.0_201\jre\bin\net.dll
0x00007ffc9d8e0000 - 0x00007ffc9dab6000 	C:\WINDOWS\SYSTEM32\urlmon.dll
0x00007ffc9d550000 - 0x00007ffc9d7f8000 	C:\WINDOWS\SYSTEM32\iertutil.dll
0x00007ffca5170000 - 0x00007ffca517c000 	C:\WINDOWS\SYSTEM32\CRYPTBASE.DLL
0x00007ffca4fa0000 - 0x00007ffca5007000 	C:\WINDOWS\system32\mswsock.dll
0x00007ffc96840000 - 0x00007ffc96851000 	C:\Program Files\Java\jdk1.8.0_201\jre\bin\nio.dll
0x00007ffc96810000 - 0x00007ffc9682e000 	C:\Users\Natan\.gradle\native\25\windows-amd64\native-platform.dll
0x00007ffc96b30000 - 0x00007ffc96b3a000 	C:\Users\Natan\.gradle\native\jansi\1.14\windows64\jansi.dll
0x00007ffc98780000 - 0x00007ffc9878d000 	C:\Program Files\Java\jdk1.8.0_201\jre\bin\management.dll
0x00007ffca4b60000 - 0x00007ffca4b93000 	C:\WINDOWS\system32\rsaenh.dll
0x00007ffca6630000 - 0x00007ffca6656000 	C:\WINDOWS\System32\bcrypt.dll
0x00007ffca56b0000 - 0x00007ffca56d8000 	C:\WINDOWS\SYSTEM32\USERENV.dll
0x00007ffca4d00000 - 0x00007ffca4d3d000 	C:\WINDOWS\SYSTEM32\IPHLPAPI.DLL
0x00007ffca9330000 - 0x00007ffca9338000 	C:\WINDOWS\System32\NSI.dll
0x00007ffc9e060000 - 0x00007ffc9e076000 	C:\WINDOWS\SYSTEM32\dhcpcsvc6.DLL
0x00007ffc9def0000 - 0x00007ffc9df0c000 	C:\WINDOWS\SYSTEM32\dhcpcsvc.DLL
0x00007ffca4d40000 - 0x00007ffca4e06000 	C:\WINDOWS\SYSTEM32\DNSAPI.dll

VM Arguments:
jvm_args: -Dorg.gradle.appname=gradlew 
java_command: org.gradle.wrapper.GradleWrapperMain app:installDebug
java_class_path (initial): G:\ProjetoAndroid\CantinaFacil\android\\gradle\wrapper\gradle-wrapper.jar
Launcher Type: SUN_STANDARD

Environment Variables:
JAVA_HOME=C:\Program Files\Java\jdk1.8.0_201
CLASSPATH=G:\ProjetoAndroid\CantinaFacil\android\\gradle\wrapper\gradle-wrapper.jar
PATH=C:\Python27\;C:\Python27\Scripts;C:\Program Files (x86)\Common Files\Oracle\Java\javapath;C:\WINDOWS\system32;C:\WINDOWS;C:\WINDOWS\System32\Wbem;C:\WINDOWS\System32\WindowsPowerShell\v1.0\;C:\WINDOWS\System32\OpenSSH\;C:\ProgramData\chocolatey\bin;C:\Program Files\nodejs\;C:\Program Files\Java\jdk1.8.0_201\bin;G:\Arquivos e programas[Gamer]\Git\cmd;C:\Program Files (x86)\QuickTime\QTSystem\;C:\Users\Natan\AppData\Local\Microsoft\WindowsApps;C:\Users\Natan\AppData\Roaming\npm;G:\Arquivos e programas[Gamer]\SocketeQ\windowsandroid_root\system\bin;G:\Arquivos e programas[Gamer]\SocketeQ\windowsandroid_root\system\lib;C:\Users\Natan\AppData\Local\Programs\Microsoft VS Code\bin
USERNAME=Natan
OS=Windows_NT
PROCESSOR_IDENTIFIER=AMD64 Family 23 Model 17 Stepping 0, AuthenticAMD



---------------  S Y S T E M  ---------------

OS: Windows 10.0 , 64 bit Build 17763 (10.0.17763.379)

CPU:total 8 (initial active 8) (8 cores per cpu, 1 threads per core) family 23 model 17 stepping 0, cmov, cx8, fxsr, mmx, sse, sse2, sse3, ssse3, sse4.1, sse4.2, popcnt, avx, avx2, aes, clmul, mmxext, 3dnowpref, lzcnt, sse4a, tsc, tscinvbit, tscinv, bmi1

Memory: 4k page, physical 10431924k(2520352k free), swap 10431924k(21484k free)

vm_info: Java HotSpot(TM) 64-Bit Server VM (25.201-b09) for windows-amd64 JRE (1.8.0_201-b09), built on Dec 15 2018 18:36:39 by "java_re" with MS VC++ 10.0 (VS2010)

time: Tue May 21 23:40:04 2019
timezone: Hora oficial do Brasil
elapsed time: 5 seconds (0d 0h 0m 5s)

