#
# There is insufficient memory for the Java Runtime Environment to continue.
# Native memory allocation (malloc) failed to allocate 144992 bytes for Chunk::new
# Possible reasons:
#   The system is out of physical RAM or swap space
#   The process is running with CompressedOops enabled, and the Java Heap may be blocking the growth of the native heap
# Possible solutions:
#   Reduce memory load on the system
#   Increase physical memory or swap space
#   Check if swap backing store is full
#   Decrease Java heap size (-Xmx/-Xms)
#   Decrease number of Java threads
#   Decrease Java thread stack sizes (-Xss)
#   Set larger code cache with -XX:ReservedCodeCacheSize=
#   JVM is running with Unscaled Compressed Oops mode in which the Java heap is
#     placed in the first 4GB address space. The Java Heap base address is the
#     maximum limit for the native heap growth. Please use -XX:HeapBaseMinAddress
#     to set the Java Heap base and to place the Java Heap above 4GB virtual address.
# This output file may be truncated or incomplete.
#
#  Out of Memory Error (allocation.cpp:390), pid=3812, tid=0x00000000000029b4
#
# JRE version: Java(TM) SE Runtime Environment (8.0_201-b09) (build 1.8.0_201-b09)
# Java VM: Java HotSpot(TM) 64-Bit Server VM (25.201-b09 mixed mode windows-amd64 compressed oops)
# Failed to write core dump. Minidumps are not enabled by default on client versions of Windows
#

---------------  T H R E A D  ---------------

Current thread (0x0000000017ade800):  JavaThread "C2 CompilerThread2" daemon [_thread_in_native, id=10676, stack(0x00000000185b0000,0x00000000186b0000)]

Stack: [0x00000000185b0000,0x00000000186b0000]
[error occurred during error reporting (printing stack bounds), id 0xc0000005]

Native frames: (J=compiled Java code, j=interpreted, Vv=VM code, C=native code)


Current CompileTask:
C2:10762068 10601  s    4       org.gradle.internal.component.external.model.AbstractLazyModuleComponentResolveMetadata::getConfiguration (14 bytes)


---------------  P R O C E S S  ---------------

Java Threads: ( => current thread )
  0x000000001c088000 JavaThread "Build operations Thread 8" [_thread_blocked, id=11424, stack(0x0000000027520000,0x0000000027620000)]
  0x000000001c08b800 JavaThread "Build operations Thread 7" [_thread_blocked, id=4576, stack(0x0000000027420000,0x0000000027520000)]
  0x000000001c05f800 JavaThread "Build operations Thread 6" [_thread_blocked, id=7460, stack(0x0000000027320000,0x0000000027420000)]
  0x000000001c05e800 JavaThread "Build operations Thread 5" [_thread_blocked, id=732, stack(0x0000000027220000,0x0000000027320000)]
  0x000000001c063000 JavaThread "Build operations Thread 4" [_thread_blocked, id=13284, stack(0x0000000027120000,0x0000000027220000)]
  0x000000001c062800 JavaThread "Build operations Thread 3" [_thread_blocked, id=8312, stack(0x0000000027020000,0x0000000027120000)]
  0x000000001c061800 JavaThread "Build operations Thread 2" [_thread_blocked, id=9408, stack(0x0000000026f20000,0x0000000027020000)]
  0x000000001c05e000 JavaThread "Build operations" [_thread_blocked, id=7424, stack(0x0000000026e20000,0x0000000026f20000)]
  0x000000001c060000 JavaThread "Cache worker for cache directory md-rule (C:\Users\Natan\.gradle\caches\4.10.2\md-rule)" [_thread_blocked, id=14596, stack(0x0000000026d20000,0x0000000026e20000)]
  0x000000001c055000 JavaThread "Cache worker for cache directory md-supplier (C:\Users\Natan\.gradle\caches\4.10.2\md-supplier)" [_thread_blocked, id=6344, stack(0x0000000026c20000,0x0000000026d20000)]
  0x000000001c054000 JavaThread "Cache worker for file hash cache (G:\ProjetoAndroid\CantinaFacil\android\.gradle\4.10.2\fileHashes)" [_thread_blocked, id=8940, stack(0x0000000026b20000,0x0000000026c20000)]
  0x000000001c058800 JavaThread "Stdin handler" [_thread_blocked, id=8572, stack(0x0000000026a20000,0x0000000026b20000)]
  0x000000001c058000 JavaThread "Asynchronous log dispatcher for DefaultDaemonConnection: socket connection from /127.0.0.1:60734 to /127.0.0.1:55395" [_thread_blocked, id=8332, stack(0x0000000026920000,0x0000000026a20000)]
  0x000000001c056800 JavaThread "Daemon worker Thread 3" [_thread_in_Java, id=4016, stack(0x0000000026820000,0x0000000026920000)]
  0x000000001c05a000 JavaThread "Cancel handler" [_thread_blocked, id=4192, stack(0x0000000026720000,0x0000000026820000)]
  0x000000001c057000 JavaThread "Handler for socket connection from /127.0.0.1:60734 to /127.0.0.1:55395" [_thread_in_native, id=10424, stack(0x0000000026620000,0x0000000026720000)]
  0x000000001c05b000 JavaThread "Daemon Thread 3" [_thread_blocked, id=4204, stack(0x0000000026520000,0x0000000026620000)]
  0x000000001c08b000 JavaThread "Device List Monitor" [_thread_in_native, id=11660, stack(0x0000000023f20000,0x0000000024020000)]
  0x000000001c088800 JavaThread "Monitor" [_thread_in_native, id=3484, stack(0x0000000023a20000,0x0000000023b20000)]
  0x000000001c05d000 JavaThread "Cache worker for file content cache (C:\Users\Natan\.gradle\caches\4.10.2\fileContent)" [_thread_blocked, id=8208, stack(0x00000000224a0000,0x00000000225a0000)]
  0x000000001c05b800 JavaThread "Memory manager" [_thread_blocked, id=9020, stack(0x0000000022170000,0x0000000022270000)]
  0x0000000018ba0800 JavaThread "Cache worker for Artifact transforms cache (C:\Users\Natan\.gradle\caches\transforms-1)" [_thread_blocked, id=14516, stack(0x000000001f5e0000,0x000000001f6e0000)]
  0x0000000018ba5000 JavaThread "Cache worker for journal cache (C:\Users\Natan\.gradle\caches\journal-1)" [_thread_blocked, id=2852, stack(0x000000001d8c0000,0x000000001d9c0000)]
  0x0000000018ba0000 JavaThread "File lock request listener" [_thread_in_native, id=12440, stack(0x000000001c6f0000,0x000000001c7f0000)]
  0x0000000018ba3800 JavaThread "Cache worker for file hash cache (C:\Users\Natan\.gradle\caches\4.10.2\fileHashes)" [_thread_blocked, id=4912, stack(0x000000001c3f0000,0x000000001c4f0000)]
  0x0000000019ca7000 JavaThread "Daemon periodic checks" [_thread_blocked, id=2344, stack(0x000000001aa20000,0x000000001ab20000)]
  0x0000000019c99000 JavaThread "Incoming local TCP Connector on port 60734" [_thread_in_native, id=8680, stack(0x000000001a7c0000,0x000000001a8c0000)]
  0x0000000019966000 JavaThread "Daemon health stats" [_thread_blocked, id=10640, stack(0x000000001a180000,0x000000001a280000)]
  0x0000000017b6a800 JavaThread "Service Thread" daemon [_thread_blocked, id=1864, stack(0x00000000187b0000,0x00000000188b0000)]
  0x0000000017ae5800 JavaThread "C1 CompilerThread3" daemon [_thread_blocked, id=6764, stack(0x00000000186b0000,0x00000000187b0000)]
=>0x0000000017ade800 JavaThread "C2 CompilerThread2" daemon [_thread_in_native, id=10676, stack(0x00000000185b0000,0x00000000186b0000)]
  0x0000000017adb800 JavaThread "C2 CompilerThread1" daemon [_thread_in_native, id=8428, stack(0x00000000184b0000,0x00000000185b0000)]
  0x0000000015cdd000 JavaThread "C2 CompilerThread0" daemon [_thread_in_native, id=14156, stack(0x00000000183b0000,0x00000000184b0000)]
  0x0000000015cda000 JavaThread "Attach Listener" daemon [_thread_blocked, id=2472, stack(0x00000000182b0000,0x00000000183b0000)]
  0x0000000017ad5800 JavaThread "Signal Dispatcher" daemon [_thread_blocked, id=7984, stack(0x00000000181b0000,0x00000000182b0000)]
  0x00000000031ae800 JavaThread "Finalizer" daemon [_thread_blocked, id=11308, stack(0x0000000017fa0000,0x00000000180a0000)]
  0x00000000031a5000 JavaThread "Reference Handler" daemon [_thread_blocked, id=8928, stack(0x0000000017ea0000,0x0000000017fa0000)]
  0x00000000030ae800 JavaThread "main" [_thread_blocked, id=5140, stack(0x0000000002f60000,0x0000000003060000)]

Other Threads:
  0x0000000015cca000 VMThread [stack: 0x00000000179a0000,0x0000000017aa0000] [id=10568]
  0x0000000017b83800 WatcherThread [stack: 0x00000000188b0000,0x00000000189b0000] [id=14896]

VM state:not at safepoint (normal execution)

VM Mutex/Monitor currently owned by a thread: None

heap address: 0x00000000c0000000, size: 1024 MB, Compressed Oops mode: 32-bit
Narrow klass base: 0x0000000000000000, Narrow klass shift: 3
Compressed class space size: 1073741824 Address: 0x0000000100000000

Heap:
 PSYoungGen      total 205824K, used 78235K [0x00000000eab00000, 0x00000000f9200000, 0x0000000100000000)
  eden space 188416K, 40% used [0x00000000eab00000,0x00000000ef555d68,0x00000000f6300000)
  from space 17408K, 12% used [0x00000000f8100000,0x00000000f8311200,0x00000000f9200000)
  to   space 24064K, 0% used [0x00000000f6300000,0x00000000f6300000,0x00000000f7a80000)
 ParOldGen       total 166912K, used 46659K [0x00000000c0000000, 0x00000000ca300000, 0x00000000eab00000)
  object space 166912K, 27% used [0x00000000c0000000,0x00000000c2d90ef0,0x00000000ca300000)
 Metaspace       used 65087K, capacity 67635K, committed 67736K, reserved 1107968K
  class space    used 8715K, capacity 9360K, committed 9392K, reserved 1048576K

Card table byte_map: [0x0000000012570000,0x0000000012780000] byte_map_base: 0x0000000011f70000

Marking Bits: (ParMarkBitMap*) 0x0000000074564ce0
 Begin Bits: [0x00000000130e0000, 0x00000000140e0000)
 End Bits:   [0x00000000140e0000, 0x00000000150e0000)

Polling page: 0x00000000016f0000

CodeCache: size=245760Kb used=29411Kb max_used=29411Kb free=216348Kb
 bounds [0x00000000031b0000, 0x0000000004ea0000, 0x00000000121b0000]
 total_blobs=10146 nmethods=9349 adapters=709
 compilation: enabled

Compilation events (10 events):
Event: 10762.058 Thread 0x0000000017ae5800 10711       1       org.gradle.api.internal.artifacts.dsl.ArtifactFile::getName (5 bytes)
Event: 10762.058 Thread 0x0000000017ae5800 nmethod 10711 0x0000000004e7f790 code [0x0000000004e7f8e0, 0x0000000004e7f9f0]
Event: 10762.058 Thread 0x0000000017ae5800 10712       1       org.gradle.api.internal.artifacts.dsl.ArtifactFile::getClassifier (5 bytes)
Event: 10762.058 Thread 0x0000000017ae5800 nmethod 10712 0x0000000004e8fd50 code [0x0000000004e8fea0, 0x0000000004e8ffb0]
Event: 10762.058 Thread 0x0000000017ae5800 10713       1       org.gradle.api.internal.artifacts.publish.AbstractPublishArtifact::getBuildDependencies (5 bytes)
Event: 10762.058 Thread 0x0000000017ae5800 nmethod 10713 0x0000000004e90010 code [0x0000000004e90160, 0x0000000004e90270]
Event: 10762.060 Thread 0x0000000017ae5800 10715       3       com.android.build.gradle.internal.api.artifact.BuildableArtifactImpl::access$getResolvable$cp (4 bytes)
Event: 10762.060 Thread 0x0000000017ae5800 nmethod 10715 0x0000000004e902d0 code [0x0000000004e90420, 0x0000000004e90550]
Event: 10762.061 Thread 0x0000000017ae5800 10716       1       org.gradle.api.internal.artifacts.ivyservice.resolveengine.graph.builder.ComponentState::getModule (5 bytes)
Event: 10762.062 Thread 0x0000000017ae5800 nmethod 10716 0x0000000004e905d0 code [0x0000000004e90720, 0x0000000004e90830]

GC Heap History (10 events):
Event: 9.162 GC heap before
{Heap before GC invocations=13 (full 2):
 PSYoungGen      total 132608K, used 132604K [0x00000000eab00000, 0x00000000f4380000, 0x0000000100000000)
  eden space 117760K, 100% used [0x00000000eab00000,0x00000000f1e00000,0x00000000f1e00000)
  from space 14848K, 99% used [0x00000000f2f80000,0x00000000f3dff028,0x00000000f3e00000)
  to   space 17920K, 0% used [0x00000000f1e00000,0x00000000f1e00000,0x00000000f2f80000)
 ParOldGen       total 115712K, used 21042K [0x00000000c0000000, 0x00000000c7100000, 0x00000000eab00000)
  object space 115712K, 18% used [0x00000000c0000000,0x00000000c148c800,0x00000000c7100000)
 Metaspace       used 56794K, capacity 58614K, committed 58672K, reserved 1099776K
  class space    used 7936K, capacity 8443K, committed 8496K, reserved 1048576K
Event: 9.183 GC heap after
Heap after GC invocations=13 (full 2):
 PSYoungGen      total 135680K, used 17891K [0x00000000eab00000, 0x00000000f6980000, 0x0000000100000000)
  eden space 117760K, 0% used [0x00000000eab00000,0x00000000eab00000,0x00000000f1e00000)
  from space 17920K, 99% used [0x00000000f1e00000,0x00000000f2f78e60,0x00000000f2f80000)
  to   space 23552K, 0% used [0x00000000f5280000,0x00000000f5280000,0x00000000f6980000)
 ParOldGen       total 115712K, used 30695K [0x00000000c0000000, 0x00000000c7100000, 0x00000000eab00000)
  object space 115712K, 26% used [0x00000000c0000000,0x00000000c1df9d18,0x00000000c7100000)
 Metaspace       used 56794K, capacity 58614K, committed 58672K, reserved 1099776K
  class space    used 7936K, capacity 8443K, committed 8496K, reserved 1048576K
}
Event: 9.246 GC heap before
{Heap before GC invocations=14 (full 2):
 PSYoungGen      total 135680K, used 24583K [0x00000000eab00000, 0x00000000f6980000, 0x0000000100000000)
  eden space 117760K, 5% used [0x00000000eab00000,0x00000000eb188ea8,0x00000000f1e00000)
  from space 17920K, 99% used [0x00000000f1e00000,0x00000000f2f78e60,0x00000000f2f80000)
  to   space 23552K, 0% used [0x00000000f5280000,0x00000000f5280000,0x00000000f6980000)
 ParOldGen       total 115712K, used 30695K [0x00000000c0000000, 0x00000000c7100000, 0x00000000eab00000)
  object space 115712K, 26% used [0x00000000c0000000,0x00000000c1df9d18,0x00000000c7100000)
 Metaspace       used 57118K, capacity 58961K, committed 59160K, reserved 1099776K
  class space    used 7989K, capacity 8496K, committed 8496K, reserved 1048576K
Event: 9.257 GC heap after
Heap after GC invocations=14 (full 2):
 PSYoungGen      total 171008K, used 704K [0x00000000eab00000, 0x00000000f7e00000, 0x0000000100000000)
  eden space 147456K, 0% used [0x00000000eab00000,0x00000000eab00000,0x00000000f3b00000)
  from space 23552K, 2% used [0x00000000f5280000,0x00000000f5330000,0x00000000f6980000)
  to   space 24064K, 0% used [0x00000000f3b00000,0x00000000f3b00000,0x00000000f5280000)
 ParOldGen       total 115712K, used 44201K [0x00000000c0000000, 0x00000000c7100000, 0x00000000eab00000)
  object space 115712K, 38% used [0x00000000c0000000,0x00000000c2b2a430,0x00000000c7100000)
 Metaspace       used 57118K, capacity 58961K, committed 59160K, reserved 1099776K
  class space    used 7989K, capacity 8496K, committed 8496K, reserved 1048576K
}
Event: 9.257 GC heap before
{Heap before GC invocations=15 (full 3):
 PSYoungGen      total 171008K, used 704K [0x00000000eab00000, 0x00000000f7e00000, 0x0000000100000000)
  eden space 147456K, 0% used [0x00000000eab00000,0x00000000eab00000,0x00000000f3b00000)
  from space 23552K, 2% used [0x00000000f5280000,0x00000000f5330000,0x00000000f6980000)
  to   space 24064K, 0% used [0x00000000f3b00000,0x00000000f3b00000,0x00000000f5280000)
 ParOldGen       total 115712K, used 44201K [0x00000000c0000000, 0x00000000c7100000, 0x00000000eab00000)
  object space 115712K, 38% used [0x00000000c0000000,0x00000000c2b2a430,0x00000000c7100000)
 Metaspace       used 57118K, capacity 58961K, committed 59160K, reserved 1099776K
  class space    used 7989K, capacity 8496K, committed 8496K, reserved 1048576K
Event: 9.481 GC heap after
Heap after GC invocations=15 (full 3):
 PSYoungGen      total 171008K, used 0K [0x00000000eab00000, 0x00000000f7e00000, 0x0000000100000000)
  eden space 147456K, 0% used [0x00000000eab00000,0x00000000eab00000,0x00000000f3b00000)
  from space 23552K, 0% used [0x00000000f5280000,0x00000000f5280000,0x00000000f6980000)
  to   space 24064K, 0% used [0x00000000f3b00000,0x00000000f3b00000,0x00000000f5280000)
 ParOldGen       total 166912K, used 36712K [0x00000000c0000000, 0x00000000ca300000, 0x00000000eab00000)
  object space 166912K, 21% used [0x00000000c0000000,0x00000000c23da010,0x00000000ca300000)
 Metaspace       used 57118K, capacity 58961K, committed 59160K, reserved 1099776K
  class space    used 7989K, capacity 8496K, committed 8496K, reserved 1048576K
}
Event: 14.290 GC heap before
{Heap before GC invocations=16 (full 3):
 PSYoungGen      total 171008K, used 147456K [0x00000000eab00000, 0x00000000f7e00000, 0x0000000100000000)
  eden space 147456K, 100% used [0x00000000eab00000,0x00000000f3b00000,0x00000000f3b00000)
  from space 23552K, 0% used [0x00000000f5280000,0x00000000f5280000,0x00000000f6980000)
  to   space 24064K, 0% used [0x00000000f3b00000,0x00000000f3b00000,0x00000000f5280000)
 ParOldGen       total 166912K, used 36712K [0x00000000c0000000, 0x00000000ca300000, 0x00000000eab00000)
  object space 166912K, 21% used [0x00000000c0000000,0x00000000c23da010,0x00000000ca300000)
 Metaspace       used 62205K, capacity 64243K, committed 64408K, reserved 1103872K
  class space    used 8541K, capacity 9126K, committed 9136K, reserved 1048576K
Event: 14.302 GC heap after
Heap after GC invocations=16 (full 3):
 PSYoungGen      total 171520K, used 13249K [0x00000000eab00000, 0x00000000f9880000, 0x0000000100000000)
  eden space 147456K, 0% used [0x00000000eab00000,0x00000000eab00000,0x00000000f3b00000)
  from space 24064K, 55% used [0x00000000f3b00000,0x00000000f47f0670,0x00000000f5280000)
  to   space 24064K, 0% used [0x00000000f8100000,0x00000000f8100000,0x00000000f9880000)
 ParOldGen       total 166912K, used 36720K [0x00000000c0000000, 0x00000000ca300000, 0x00000000eab00000)
  object space 166912K, 21% used [0x00000000c0000000,0x00000000c23dc010,0x00000000ca300000)
 Metaspace       used 62205K, capacity 64243K, committed 64408K, reserved 1103872K
  class space    used 8541K, capacity 9126K, committed 9136K, reserved 1048576K
}
Event: 5467.933 GC heap before
{Heap before GC invocations=17 (full 3):
 PSYoungGen      total 171520K, used 160705K [0x00000000eab00000, 0x00000000f9880000, 0x0000000100000000)
  eden space 147456K, 100% used [0x00000000eab00000,0x00000000f3b00000,0x00000000f3b00000)
  from space 24064K, 55% used [0x00000000f3b00000,0x00000000f47f0670,0x00000000f5280000)
  to   space 24064K, 0% used [0x00000000f8100000,0x00000000f8100000,0x00000000f9880000)
 ParOldGen       total 166912K, used 36720K [0x00000000c0000000, 0x00000000ca300000, 0x00000000eab00000)
  object space 166912K, 21% used [0x00000000c0000000,0x00000000c23dc010,0x00000000ca300000)
 Metaspace       used 64894K, capacity 67433K, committed 67736K, reserved 1107968K
  class space    used 8702K, capacity 9337K, committed 9392K, reserved 1048576K
Event: 5467.975 GC heap after
Heap after GC invocations=17 (full 3):
 PSYoungGen      total 205824K, used 2116K [0x00000000eab00000, 0x00000000f9200000, 0x0000000100000000)
  eden space 188416K, 0% used [0x00000000eab00000,0x00000000eab00000,0x00000000f6300000)
  from space 17408K, 12% used [0x00000000f8100000,0x00000000f8311200,0x00000000f9200000)
  to   space 24064K, 0% used [0x00000000f6300000,0x00000000f6300000,0x00000000f7a80000)
 ParOldGen       total 166912K, used 46659K [0x00000000c0000000, 0x00000000ca300000, 0x00000000eab00000)
  object space 166912K, 27% used [0x00000000c0000000,0x00000000c2d90ef0,0x00000000ca300000)
 Metaspace       used 64894K, capacity 67433K, committed 67736K, reserved 1107968K
  class space    used 8702K, capacity 9337K, committed 9392K, reserved 1048576K
}

Deoptimization events (10 events):
Event: 2755.563 Thread 0x000000001c058800 Uncommon trap: reason=unstable_if action=reinterpret pc=0x00000000046804dc method=com.google.common.collect.MapMakerInternalMap$Segment.drainKeyReferenceQueue()V @ 11
Event: 2755.563 Thread 0x000000001c058800 Uncommon trap: reason=unstable_if action=reinterpret pc=0x00000000046fc128 method=com.google.common.collect.MapMakerInternalMap$Segment.put(Ljava/lang/Object;ILjava/lang/Object;Z)Ljava/lang/Object; @ 92
Event: 2756.641 Thread 0x000000001c054000 Uncommon trap: reason=bimorphic action=maybe_recompile pc=0x00000000042d85e8 method=org.gradle.api.internal.changedetection.state.AbstractScalarValueSnapshot.equals(Ljava/lang/Object;)Z @ 37
Event: 2756.650 Thread 0x000000001c054000 Uncommon trap: reason=unstable_if action=reinterpret pc=0x00000000042e5a5c method=java.util.concurrent.ConcurrentHashMap.addCount(JI)V @ 97
Event: 2756.712 Thread 0x000000001c054000 Uncommon trap: reason=bimorphic action=maybe_recompile pc=0x00000000042d85e8 method=org.gradle.api.internal.changedetection.state.AbstractScalarValueSnapshot.equals(Ljava/lang/Object;)Z @ 37
Event: 2759.032 Thread 0x000000001c08c800 Uncommon trap: reason=class_check action=maybe_recompile pc=0x0000000004d08a94 method=java.util.HashMap.removeNode(ILjava/lang/Object;Ljava/lang/Object;ZZ)Ljava/util/HashMap$Node; @ 143
Event: 2759.060 Thread 0x000000001c08c800 Uncommon trap: reason=class_check action=maybe_recompile pc=0x0000000004d08a94 method=java.util.HashMap.removeNode(ILjava/lang/Object;Ljava/lang/Object;ZZ)Ljava/util/HashMap$Node; @ 143
Event: 2759.095 Thread 0x000000001c08b800 Uncommon trap: reason=unstable_if action=reinterpret pc=0x00000000037a51a0 method=com.esotericsoftware.kryo.io.Input.require(I)I @ 117
Event: 10761.680 Thread 0x000000001c056800 Uncommon trap: reason=class_check action=maybe_recompile pc=0x0000000003d56940 method=java.util.Collections$SynchronizedCollection.add(Ljava/lang/Object;)Z @ 12
Event: 10761.740 Thread 0x000000001c056800 Uncommon trap: reason=class_check action=maybe_recompile pc=0x000000000361afa8 method=org.gradle.api.internal.artifacts.dsl.LazyPublishArtifact.getDelegate()Lorg/gradle/api/artifacts/PublishArtifact; @ 11

Classes redefined (0 events):
No events

Internal exceptions (10 events):
Event: 10761.623 Thread 0x000000001c056800 Exception <a 'sun/nio/fs/WindowsException'> (0x00000000ee58f7a0) thrown at [C:\re\workspace\8-2-build-windows-amd64-cygwin\jdk8u201\12322\hotspot\src\share\vm\prims\jni.cpp, line 709]
Event: 10761.623 Thread 0x000000001c056800 Exception <a 'sun/nio/fs/WindowsException'> (0x00000000ee5918a8) thrown at [C:\re\workspace\8-2-build-windows-amd64-cygwin\jdk8u201\12322\hotspot\src\share\vm\prims\jni.cpp, line 709]
Event: 10761.623 Thread 0x000000001c056800 Exception <a 'sun/nio/fs/WindowsException'> (0x00000000ee5925e8) thrown at [C:\re\workspace\8-2-build-windows-amd64-cygwin\jdk8u201\12322\hotspot\src\share\vm\prims\jni.cpp, line 709]
Event: 10761.623 Thread 0x000000001c056800 Exception <a 'sun/nio/fs/WindowsException'> (0x00000000ee595420) thrown at [C:\re\workspace\8-2-build-windows-amd64-cygwin\jdk8u201\12322\hotspot\src\share\vm\prims\jni.cpp, line 709]
Event: 10761.623 Thread 0x000000001c056800 Exception <a 'sun/nio/fs/WindowsException'> (0x00000000ee596198) thrown at [C:\re\workspace\8-2-build-windows-amd64-cygwin\jdk8u201\12322\hotspot\src\share\vm\prims\jni.cpp, line 709]
Event: 10761.624 Thread 0x000000001c056800 Exception <a 'sun/nio/fs/WindowsException'> (0x00000000ee598318) thrown at [C:\re\workspace\8-2-build-windows-amd64-cygwin\jdk8u201\12322\hotspot\src\share\vm\prims\jni.cpp, line 709]
Event: 10761.624 Thread 0x000000001c056800 Exception <a 'sun/nio/fs/WindowsException'> (0x00000000ee5990d0) thrown at [C:\re\workspace\8-2-build-windows-amd64-cygwin\jdk8u201\12322\hotspot\src\share\vm\prims\jni.cpp, line 709]
Event: 10761.721 Thread 0x000000001c056800 Exception <a 'sun/nio/fs/WindowsException'> (0x00000000ee850228) thrown at [C:\re\workspace\8-2-build-windows-amd64-cygwin\jdk8u201\12322\hotspot\src\share\vm\prims\jni.cpp, line 709]
Event: 10761.921 Thread 0x000000001c056800 Exception <a 'sun/nio/fs/WindowsException'> (0x00000000eec8b8c0) thrown at [C:\re\workspace\8-2-build-windows-amd64-cygwin\jdk8u201\12322\hotspot\src\share\vm\prims\jni.cpp, line 709]
Event: 10761.978 Thread 0x000000001c056800 Exception <a 'sun/nio/fs/WindowsException'> (0x00000000eeeb1f80) thrown at [C:\re\workspace\8-2-build-windows-amd64-cygwin\jdk8u201\12322\hotspot\src\share\vm\prims\jni.cpp, line 709]

Events (10 events):
Event: 10762.064 Executing VM operation: RevokeBias
Event: 10762.064 Executing VM operation: RevokeBias done
Event: 10762.064 Executing VM operation: RevokeBias
Event: 10762.064 Executing VM operation: RevokeBias done
Event: 10762.064 Executing VM operation: RevokeBias
Event: 10762.064 Executing VM operation: RevokeBias done
Event: 10762.064 Executing VM operation: RevokeBias
Event: 10762.064 Executing VM operation: RevokeBias done
Event: 10762.064 Executing VM operation: RevokeBias
Event: 10762.065 Executing VM operation: RevokeBias done


Dynamic libraries:
0x00007ff7c09b0000 - 0x00007ff7c09e7000 	C:\Program Files\Java\jdk1.8.0_201\bin\java.exe
0x00007ffca9780000 - 0x00007ffca996d000 	C:\WINDOWS\SYSTEM32\ntdll.dll
0x00007ffca95e0000 - 0x00007ffca9693000 	C:\WINDOWS\System32\KERNEL32.DLL
0x00007ffca6390000 - 0x00007ffca6623000 	C:\WINDOWS\System32\KERNELBASE.dll
0x00007ffca96a0000 - 0x00007ffca9743000 	C:\WINDOWS\System32\ADVAPI32.dll
0x00007ffca6c80000 - 0x00007ffca6d1e000 	C:\WINDOWS\System32\msvcrt.dll
0x00007ffca6be0000 - 0x00007ffca6c7e000 	C:\WINDOWS\System32\sechost.dll
0x00007ffca89a0000 - 0x00007ffca8ac2000 	C:\WINDOWS\System32\RPCRT4.dll
0x00007ffca8800000 - 0x00007ffca8997000 	C:\WINDOWS\System32\USER32.dll
0x00007ffca6710000 - 0x00007ffca6730000 	C:\WINDOWS\System32\win32u.dll
0x00007ffca8ad0000 - 0x00007ffca8af9000 	C:\WINDOWS\System32\GDI32.dll
0x00007ffca6080000 - 0x00007ffca621a000 	C:\WINDOWS\System32\gdi32full.dll
0x00007ffca6730000 - 0x00007ffca67d0000 	C:\WINDOWS\System32\msvcp_win.dll
0x00007ffca6270000 - 0x00007ffca636a000 	C:\WINDOWS\System32\ucrtbase.dll
0x00007ffc94ef0000 - 0x00007ffc95169000 	C:\WINDOWS\WinSxS\amd64_microsoft.windows.common-controls_6595b64144ccf1df_6.0.17763.379_none_05b83be8071c94a1\COMCTL32.dll
0x00007ffca8b70000 - 0x00007ffca8e9d000 	C:\WINDOWS\System32\combase.dll
0x00007ffca6000000 - 0x00007ffca607e000 	C:\WINDOWS\System32\bcryptPrimitives.dll
0x00007ffca6bb0000 - 0x00007ffca6bde000 	C:\WINDOWS\System32\IMM32.DLL
0x0000000076f60000 - 0x0000000077031000 	C:\Program Files\Java\jdk1.8.0_201\jre\bin\msvcr100.dll
0x0000000073d40000 - 0x00000000745e4000 	C:\Program Files\Java\jdk1.8.0_201\jre\bin\server\jvm.dll
0x00007ffca9320000 - 0x00007ffca9328000 	C:\WINDOWS\System32\PSAPI.DLL
0x00007ffca3840000 - 0x00007ffca3864000 	C:\WINDOWS\SYSTEM32\WINMM.dll
0x00007ffc9bd90000 - 0x00007ffc9bd99000 	C:\WINDOWS\SYSTEM32\WSOCK32.dll
0x00007ffc9fdf0000 - 0x00007ffc9fdfa000 	C:\WINDOWS\SYSTEM32\VERSION.dll
0x00007ffca6ae0000 - 0x00007ffca6b4d000 	C:\WINDOWS\System32\WS2_32.dll
0x00007ffca3810000 - 0x00007ffca383d000 	C:\WINDOWS\SYSTEM32\WINMMBASE.dll
0x00007ffca6220000 - 0x00007ffca626a000 	C:\WINDOWS\System32\cfgmgr32.dll
0x00007ffc9bd30000 - 0x00007ffc9bd3f000 	C:\Program Files\Java\jdk1.8.0_201\jre\bin\verify.dll
0x00007ffc989b0000 - 0x00007ffc989d9000 	C:\Program Files\Java\jdk1.8.0_201\jre\bin\java.dll
0x00007ffc994c0000 - 0x00007ffc994d6000 	C:\Program Files\Java\jdk1.8.0_201\jre\bin\zip.dll
0x00007ffca7310000 - 0x00007ffca8800000 	C:\WINDOWS\System32\SHELL32.dll
0x00007ffca69b0000 - 0x00007ffca6a58000 	C:\WINDOWS\System32\shcore.dll
0x00007ffca5850000 - 0x00007ffca5f9a000 	C:\WINDOWS\System32\windows.storage.dll
0x00007ffca5820000 - 0x00007ffca5844000 	C:\WINDOWS\System32\profapi.dll
0x00007ffca5780000 - 0x00007ffca57dd000 	C:\WINDOWS\System32\powrprof.dll
0x00007ffca6b50000 - 0x00007ffca6ba2000 	C:\WINDOWS\System32\shlwapi.dll
0x00007ffca57e0000 - 0x00007ffca57f1000 	C:\WINDOWS\System32\kernel.appcore.dll
0x00007ffca6370000 - 0x00007ffca6387000 	C:\WINDOWS\System32\cryptsp.dll
0x00007ffc988a0000 - 0x00007ffc988ba000 	C:\Program Files\Java\jdk1.8.0_201\jre\bin\net.dll
0x00007ffc9d8e0000 - 0x00007ffc9dab6000 	C:\WINDOWS\SYSTEM32\urlmon.dll
0x00007ffc9d550000 - 0x00007ffc9d7f8000 	C:\WINDOWS\SYSTEM32\iertutil.dll
0x00007ffca5170000 - 0x00007ffca517c000 	C:\WINDOWS\SYSTEM32\CRYPTBASE.DLL
0x00007ffca4fa0000 - 0x00007ffca5007000 	C:\WINDOWS\system32\mswsock.dll
0x00007ffc96840000 - 0x00007ffc96851000 	C:\Program Files\Java\jdk1.8.0_201\jre\bin\nio.dll
0x00007ffc96810000 - 0x00007ffc9682e000 	C:\Users\Natan\.gradle\native\25\windows-amd64\native-platform.dll
0x00007ffc9b600000 - 0x00007ffc9b60d000 	C:\Program Files\Java\jdk1.8.0_201\jre\bin\management.dll
0x00007ffca4b60000 - 0x00007ffca4b93000 	C:\WINDOWS\system32\rsaenh.dll
0x00007ffca6630000 - 0x00007ffca6656000 	C:\WINDOWS\System32\bcrypt.dll
0x00007ffca56b0000 - 0x00007ffca56d8000 	C:\WINDOWS\SYSTEM32\USERENV.dll
0x00007ffca4d00000 - 0x00007ffca4d3d000 	C:\WINDOWS\SYSTEM32\IPHLPAPI.DLL
0x00007ffca9330000 - 0x00007ffca9338000 	C:\WINDOWS\System32\NSI.dll
0x00007ffc9e060000 - 0x00007ffc9e076000 	C:\WINDOWS\SYSTEM32\dhcpcsvc6.DLL
0x00007ffc9def0000 - 0x00007ffc9df0c000 	C:\WINDOWS\SYSTEM32\dhcpcsvc.DLL
0x00007ffca4d40000 - 0x00007ffca4e06000 	C:\WINDOWS\SYSTEM32\DNSAPI.dll
0x00007ffc9d820000 - 0x00007ffc9d82a000 	C:\Windows\System32\rasadhlp.dll
0x00007ffc9cc50000 - 0x00007ffc9ccc9000 	C:\WINDOWS\System32\fwpuclnt.dll

VM Arguments:
jvm_args: -XX:+HeapDumpOnOutOfMemoryError -Xmx1024m -Dfile.encoding=windows-1252 -Duser.country=BR -Duser.language=pt -Duser.variant 
java_command: org.gradle.launcher.daemon.bootstrap.GradleDaemon 4.10.2
java_class_path (initial): C:\Users\Natan\.gradle\wrapper\dists\gradle-4.10.2-all\9fahxiiecdb76a5g3aw9oi8rv\gradle-4.10.2\lib\gradle-launcher-4.10.2.jar
Launcher Type: SUN_STANDARD

Environment Variables:
JAVA_HOME=C:\Program Files\Java\jdk1.8.0_201
CLASSPATH=G:\ProjetoAndroid\CantinaFacil\android\\gradle\wrapper\gradle-wrapper.jar
PATH=C:\Python27\;C:\Python27\Scripts;C:\Program Files (x86)\Common Files\Oracle\Java\javapath;C:\WINDOWS\system32;C:\WINDOWS;C:\WINDOWS\System32\Wbem;C:\WINDOWS\System32\WindowsPowerShell\v1.0\;C:\WINDOWS\System32\OpenSSH\;C:\ProgramData\chocolatey\bin;C:\Program Files\nodejs\;C:\Program Files\Java\jdk1.8.0_201\bin;G:\Arquivos e programas[Gamer]\Git\cmd;C:\Program Files (x86)\QuickTime\QTSystem\;C:\Users\Natan\AppData\Local\Microsoft\WindowsApps;C:\Users\Natan\AppData\Roaming\npm;G:\Arquivos e programas[Gamer]\SocketeQ\windowsandroid_root\system\bin;G:\Arquivos e programas[Gamer]\SocketeQ\windowsandroid_root\system\lib;C:\Users\Natan\AppData\Local\Programs\Microsoft VS Code\bin
USERNAME=Natan
OS=Windows_NT
PROCESSOR_IDENTIFIER=AMD64 Family 23 Model 17 Stepping 0, AuthenticAMD



---------------  S Y S T E M  ---------------

OS: Windows 10.0 , 64 bit Build 17763 (10.0.17763.379)

CPU:total 8 (initial active 8) (8 cores per cpu, 1 threads per core) family 23 model 17 stepping 0, cmov, cx8, fxsr, mmx, sse, sse2, sse3, ssse3, sse4.1, sse4.2, popcnt, avx, avx2, aes, clmul, mmxext, 3dnowpref, lzcnt, sse4a, tsc, tscinvbit, tscinv, bmi1

Memory: 4k page, physical 10431924k(3057436k free), swap 12652980k(9644k free)

vm_info: Java HotSpot(TM) 64-Bit Server VM (25.201-b09) for windows-amd64 JRE (1.8.0_201-b09), built on Dec 15 2018 18:36:39 by "java_re" with MS VC++ 10.0 (VS2010)

time: Wed May 22 02:43:01 2019
timezone: Hora oficial do Brasil
elapsed time: 10762 seconds (0d 2h 59m 22s)

